<?xml version="1.0" encoding="UTF-8"?>
<!-- Generated by org.testng.reporters.JUnitReportReporter -->
<testsuite hostname="OmkarPC" failures="0" tests="3" name="Section18.Day4" time="0.000" errors="0" timestamp="2020-05-22T17:56:23 IST" skipped="0">
  <testcase classname="Section18.Day4" name="WebLoginHomeLoan" time="0.000"/>
  <system-out/>
  <testcase classname="Section18.Day4" name="MobileLoginHomeLoan" time="0.000"/>
  <system-out/>
  <testcase classname="Section18.Day4" name="LoginAPIHomeLoan" time="0.000"/>
  <system-out/>
</testsuite> <!-- Section18.Day4 -->
