<?xml version="1.0" encoding="UTF-8"?>
<!-- Generated by org.testng.reporters.JUnitReportReporter -->
<testsuite hostname="OmkarPC" failures="0" tests="3" name="Section18.Day3" time="0.012" errors="0" timestamp="2020-05-22T17:56:23 IST" skipped="0">
  <testcase classname="Section18.Day3" name="MobileLoginCarLoan" time="0.004"/>
  <system-out/>
  <testcase classname="Section18.Day3" name="MobileLoginCarLoan" time="0.004"/>
  <system-out/>
  <testcase classname="Section18.Day3" name="MobileLoginCarLoan" time="0.004"/>
  <system-out/>
</testsuite> <!-- Section18.Day3 -->
